Using pre-set license
Built from '2020.3/staging' branch; Version is '2020.3.30f1 (1fb1bf06830e) revision 2077119'; Using compiler version '192528614'; Build Type 'Release'
OS: 'Windows 10  (10.0.19044) 64bit Core' Language: 'en' Physical Memory: 32671 MB
BatchMode: 1, IsHumanControllingUs: 0, StartBugReporterOnCrash: 0, Is64bit: 1, IsPro: 0

COMMAND LINE ARGUMENTS:
D:\Unity\2020.3.30f1\Editor\Unity.exe
-adb2
-batchMode
-noUpm
-name
AssetImportWorker0
-projectPath
D:/github/Leap-Motion-Interaction/Leap-Motion-Interactions
-logFile
Logs/AssetImportWorker0.log
-srvPort
58623
Successfully changed project path to: D:/github/Leap-Motion-Interaction/Leap-Motion-Interactions
D:/github/Leap-Motion-Interaction/Leap-Motion-Interactions
Using Asset Import Pipeline V2.
Refreshing native plugins compatible for Editor in 74.51 ms, found 10 plugins.
Preloading 0 native plugins for Editor in 0.00 ms.
Initialize engine version: 2020.3.30f1 (1fb1bf06830e)
[Subsystems] Discovering subsystems at path D:/Unity/2020.3.30f1/Editor/Data/Resources/UnitySubsystems
[Subsystems] Discovering subsystems at path D:/github/Leap-Motion-Interaction/Leap-Motion-Interactions/Assets
GfxDevice: creating device client; threaded=0
Direct3D:
    Version:  Direct3D 11.0 [level 11.1]
    Renderer: NVIDIA GeForce RTX 3060 Ti (ID=0x2489)
    Vendor:   
    VRAM:     8050 MB
    Driver:   31.0.15.1659
Initialize mono
Mono path[0] = 'D:/Unity/2020.3.30f1/Editor/Data/Managed'
Mono path[1] = 'D:/Unity/2020.3.30f1/Editor/Data/MonoBleedingEdge/lib/mono/unityjit'
Mono config path = 'D:/Unity/2020.3.30f1/Editor/Data/MonoBleedingEdge/etc'
Using monoOptions --debugger-agent=transport=dt_socket,embedding=1,server=y,suspend=n,address=127.0.0.1:56352
Begin MonoManager ReloadAssembly
Registering precompiled unity dll's ...
Register platform support module: D:/Unity/2020.3.30f1/Editor/Data/PlaybackEngines/WebGLSupport/UnityEditor.WebGL.Extensions.dll
Register platform support module: D:/Unity/2020.3.30f1/Editor/Data/PlaybackEngines/WindowsStandaloneSupport/UnityEditor.WindowsStandalone.Extensions.dll
Registered in 0.001400 seconds.
Native extension for WindowsStandalone target not found
Native extension for WebGL target not found
Refreshing native plugins compatible for Editor in 60.80 ms, found 10 plugins.
Preloading 0 native plugins for Editor in 0.00 ms.
Mono: successfully reloaded assembly
- Completed reload, in  0.467 seconds
Domain Reload Profiling:
	ReloadAssembly (467ms)
		BeginReloadAssembly (59ms)
			ExecutionOrderSort (0ms)
			DisableScriptedObjects (0ms)
			BackupInstance (0ms)
			ReleaseScriptingObjects (0ms)
			CreateAndSetChildDomain (1ms)
		EndReloadAssembly (359ms)
			LoadAssemblies (58ms)
			RebuildTransferFunctionScriptingTraits (0ms)
			SetupTypeCache (102ms)
			ReleaseScriptCaches (0ms)
			RebuildScriptCaches (20ms)
			SetupLoadedEditorAssemblies (160ms)
				LogAssemblyErrors (0ms)
				InitializePlatformSupportModulesInManaged (4ms)
				SetLoadedEditorAssemblies (0ms)
				RefreshPlugins (61ms)
				BeforeProcessingInitializeOnLoad (12ms)
				ProcessInitializeOnLoadAttributes (63ms)
				ProcessInitializeOnLoadMethodAttributes (20ms)
				AfterProcessingInitializeOnLoad (0ms)
				EditorAssembliesLoaded (0ms)
			ExecutionOrderSort2 (0ms)
			AwakeInstancesAfterBackupRestoration (0ms)
Platform modules already initialized, skipping
Registering precompiled user dll's ...
Registered in 0.006613 seconds.
Begin MonoManager ReloadAssembly
Native extension for WindowsStandalone target not found
Native extension for WebGL target not found
Refreshing native plugins compatible for Editor in 61.06 ms, found 10 plugins.
Preloading 0 native plugins for Editor in 0.00 ms.
Mono: successfully reloaded assembly
- Completed reload, in  0.993 seconds
Domain Reload Profiling:
	ReloadAssembly (994ms)
		BeginReloadAssembly (118ms)
			ExecutionOrderSort (0ms)
			DisableScriptedObjects (4ms)
			BackupInstance (0ms)
			ReleaseScriptingObjects (0ms)
			CreateAndSetChildDomain (16ms)
		EndReloadAssembly (835ms)
			LoadAssemblies (105ms)
			RebuildTransferFunctionScriptingTraits (0ms)
			SetupTypeCache (256ms)
			ReleaseScriptCaches (1ms)
			RebuildScriptCaches (52ms)
			SetupLoadedEditorAssemblies (350ms)
				LogAssemblyErrors (0ms)
				InitializePlatformSupportModulesInManaged (3ms)
				SetLoadedEditorAssemblies (0ms)
				RefreshPlugins (61ms)
				BeforeProcessingInitializeOnLoad (83ms)
				ProcessInitializeOnLoadAttributes (191ms)
				ProcessInitializeOnLoadMethodAttributes (9ms)
				AfterProcessingInitializeOnLoad (2ms)
				EditorAssembliesLoaded (0ms)
			ExecutionOrderSort2 (0ms)
			AwakeInstancesAfterBackupRestoration (4ms)
Platform modules already initialized, skipping
========================================================================
Worker process is ready to serve import requests
Launched and connected shader compiler UnityShaderCompiler.exe after 0.06 seconds
Refreshing native plugins compatible for Editor in 0.97 ms, found 10 plugins.
Preloading 0 native plugins for Editor in 0.00 ms.
Unloading 4191 Unused Serialized files (Serialized files now loaded: 0)
System memory in use before: 250.7 MB.
System memory in use after: 250.9 MB.

Unloading 47 unused Assets to reduce memory usage. Loaded Objects now: 4607.
Total: 3.555800 ms (FindLiveObjects: 0.324300 ms CreateObjectMapping: 0.097100 ms MarkObjects: 3.024800 ms  DeleteObjects: 0.108600 ms)

AssetImportParameters requested are different than current active one (requested -> active):
  custom:framework-win-MediaFoundation: 216162199b28c13a410421893ffa2e32 -> 
  custom:video-decoder-ogg-theora: a1e56fd34408186e4bbccfd4996cb3dc -> 
  custom:container-muxer-webm: aa71ff27fc2769a1b78a27578f13a17b -> 
  custom:container-demuxer-webm: 4f35f7cbe854078d1ac9338744f61a02 -> 
  custom:container-demuxer-ogg: 62fdf1f143b41e24485cea50d1cbac27 -> 
  custom:video-encoder-webm-vp8: eb34c28f22e8b96e1ab97ce403110664 -> 
  custom:video-decoder-webm-vp8: 9c59270c3fd7afecdb556c50c9e8de78 -> 
  custom:audio-decoder-ogg-vorbis: bf7c407c2cedff20999df2af8eb42d56 -> 
  custom:audio-encoder-webm-vorbis: bf7c407c2cedff20999df2af8eb42d56 -> 
========================================================================
Received Import Request.
  path: Assets/TextMesh Pro/Examples & Extras/Textures/Small Crate_normal.jpg
  artifactKey: Guid(8878a782f4334ecbbcf683b3ac780966) Importer(815301076,1909f56bfc062723c751e8b465ee728b)
Start importing Assets/TextMesh Pro/Examples & Extras/Textures/Small Crate_normal.jpg using Guid(8878a782f4334ecbbcf683b3ac780966) Importer(815301076,1909f56bfc062723c751e8b465ee728b)  -> (artifact id: '4b609c283513169fbc0b5f763d29850a') in 0.219441 seconds 
========================================================================
Received Import Request.
  Time since last request: 0.000188 seconds.
  path: Assets/ThirdParty/Ultraleap/Tracking/Examples/Example Assets/Textures/Ultraleap Logo.png
  artifactKey: Guid(454c0f06c76d7e847bd0f8081e7200c2) Importer(815301076,1909f56bfc062723c751e8b465ee728b)
Start importing Assets/ThirdParty/Ultraleap/Tracking/Examples/Example Assets/Textures/Ultraleap Logo.png using Guid(454c0f06c76d7e847bd0f8081e7200c2) Importer(815301076,1909f56bfc062723c751e8b465ee728b)  -> (artifact id: 'f8a8e0d7c6ed0e30b8227f6f1d51c771') in 0.149732 seconds 
========================================================================
Received Import Request.
  Time since last request: 0.000174 seconds.
  path: Assets/ThirdParty/Ultraleap/Tracking Preview/Examples/UI Input Examples/Example Assets/Rounded Rectangle.png
  artifactKey: Guid(82d0b8490a3c9a44a8d97b661d5235e6) Importer(815301076,1909f56bfc062723c751e8b465ee728b)
Start importing Assets/ThirdParty/Ultraleap/Tracking Preview/Examples/UI Input Examples/Example Assets/Rounded Rectangle.png using Guid(82d0b8490a3c9a44a8d97b661d5235e6) Importer(815301076,1909f56bfc062723c751e8b465ee728b)  -> (artifact id: 'e6fee44efaf797d1e2c40dd2c2f394e4') in 0.118292 seconds 
========================================================================
Received Import Request.
  Time since last request: 0.000241 seconds.
  path: Assets/TextMesh Pro/Examples & Extras/Textures/Small Crate_diffuse.jpg
  artifactKey: Guid(602cb87b6a29443b8636370ea0751574) Importer(815301076,1909f56bfc062723c751e8b465ee728b)
Start importing Assets/TextMesh Pro/Examples & Extras/Textures/Small Crate_diffuse.jpg using Guid(602cb87b6a29443b8636370ea0751574) Importer(815301076,1909f56bfc062723c751e8b465ee728b)  -> (artifact id: 'f80be13996b320adad6eb2a84d02c950') in 0.069613 seconds 
========================================================================
Received Import Request.
  Time since last request: 0.000120 seconds.
  path: Assets/TextMesh Pro/Examples & Extras/Textures/Wipe Pattern - Radial Quad.psd
  artifactKey: Guid(2b5e9ae96c5644d8bae932f8b4ca68a2) Importer(815301076,1909f56bfc062723c751e8b465ee728b)
Start importing Assets/TextMesh Pro/Examples & Extras/Textures/Wipe Pattern - Radial Quad.psd using Guid(2b5e9ae96c5644d8bae932f8b4ca68a2) Importer(815301076,1909f56bfc062723c751e8b465ee728b)  -> (artifact id: 'b9848f9c9bb63b24194b059074798de3') in 0.056085 seconds 
========================================================================
Received Import Request.
  Time since last request: 0.000161 seconds.
  path: Assets/TextMesh Pro/Examples & Extras/Fonts/Roboto-Bold.ttf
  artifactKey: Guid(4beb055f07aaff244873dec698d0363e) Importer(815301076,1909f56bfc062723c751e8b465ee728b)
Start importing Assets/TextMesh Pro/Examples & Extras/Fonts/Roboto-Bold.ttf using Guid(4beb055f07aaff244873dec698d0363e) Importer(815301076,1909f56bfc062723c751e8b465ee728b)  -> (artifact id: 'a033524e4a848172af9dcfb9eaac8cd1') in 0.434437 seconds 
========================================================================
Received Import Request.
  Time since last request: 0.000166 seconds.
  path: Assets/TextMesh Pro/Examples & Extras/Textures/Text Overflow - Linked Text Image 1.png
  artifactKey: Guid(4ccf43d26c4748c792174516f4a8fcef) Importer(815301076,1909f56bfc062723c751e8b465ee728b)
Start importing Assets/TextMesh Pro/Examples & Extras/Textures/Text Overflow - Linked Text Image 1.png using Guid(4ccf43d26c4748c792174516f4a8fcef) Importer(815301076,1909f56bfc062723c751e8b465ee728b)  -> (artifact id: '589130bfe29552cba2ffca95a9314240') in 0.167380 seconds 
========================================================================
Received Import Request.
  Time since last request: 0.000179 seconds.
  path: Assets/ThirdParty/Ultraleap/Tracking Preview/Examples/UI Input Examples/ExampleUIScene/Lightmap-5_comp_light.exr
  artifactKey: Guid(f84d8ca0782a7cc4d8057cd794b806ed) Importer(815301076,1909f56bfc062723c751e8b465ee728b)
Start importing Assets/ThirdParty/Ultraleap/Tracking Preview/Examples/UI Input Examples/ExampleUIScene/Lightmap-5_comp_light.exr using Guid(f84d8ca0782a7cc4d8057cd794b806ed) Importer(815301076,1909f56bfc062723c751e8b465ee728b)  -> (artifact id: '9e2c2744744e32e28c6cda00be461c9d') in 0.331862 seconds 
========================================================================
Received Import Request.
  Time since last request: 0.000161 seconds.
  path: Assets/ThirdParty/Ultraleap/Tracking Preview/Examples/UI Input Examples/ExampleUIScene/Lightmap-1_comp_light.exr
  artifactKey: Guid(e11c4b8898b0e4a4fb1d1edbe3cfb89e) Importer(815301076,1909f56bfc062723c751e8b465ee728b)
Start importing Assets/ThirdParty/Ultraleap/Tracking Preview/Examples/UI Input Examples/ExampleUIScene/Lightmap-1_comp_light.exr using Guid(e11c4b8898b0e4a4fb1d1edbe3cfb89e) Importer(815301076,1909f56bfc062723c751e8b465ee728b)  -> (artifact id: 'e1b21ec00aae40234208d91fc5575037') in 0.644555 seconds 
========================================================================
Received Import Request.
  Time since last request: 0.000167 seconds.
  path: Assets/TextMesh Pro/Examples & Extras/Textures/Sunny Days - Seamless.jpg
  artifactKey: Guid(17c350171f7a3ca479f830547c66d187) Importer(815301076,1909f56bfc062723c751e8b465ee728b)
Start importing Assets/TextMesh Pro/Examples & Extras/Textures/Sunny Days - Seamless.jpg using Guid(17c350171f7a3ca479f830547c66d187) Importer(815301076,1909f56bfc062723c751e8b465ee728b)  -> (artifact id: 'afb92d2137c33c3d67aafdf56daa70ed') in 0.070792 seconds 
========================================================================
Received Import Request.
  Time since last request: 0.000141 seconds.
  path: Assets/ThirdParty/Ultraleap/Tracking Preview/Examples/Example Assets/Textures/Rounded Rectangle.png
  artifactKey: Guid(af49421ee2e2c5a49939b3bdbbf8d159) Importer(815301076,1909f56bfc062723c751e8b465ee728b)
Start importing Assets/ThirdParty/Ultraleap/Tracking Preview/Examples/Example Assets/Textures/Rounded Rectangle.png using Guid(af49421ee2e2c5a49939b3bdbbf8d159) Importer(815301076,1909f56bfc062723c751e8b465ee728b)  -> (artifact id: 'b35084c9f4595be7cbc5ea1cad9697a9') in 0.014785 seconds 
========================================================================
Received Import Request.
  Time since last request: 0.000163 seconds.
  path: Assets/TextMesh Pro/Examples & Extras/Textures/Wipe Pattern - Diagonal.psd
  artifactKey: Guid(ed5290d8df18488780e2996b9b882f01) Importer(815301076,1909f56bfc062723c751e8b465ee728b)
Start importing Assets/TextMesh Pro/Examples & Extras/Textures/Wipe Pattern - Diagonal.psd using Guid(ed5290d8df18488780e2996b9b882f01) Importer(815301076,1909f56bfc062723c751e8b465ee728b)  -> (artifact id: '856a6a32c85ce441b2c1b9b4a7368781') in 0.025923 seconds 
========================================================================
Received Import Request.
  Time since last request: 0.000139 seconds.
  path: Assets/TextMesh Pro/Sprites/EmojiOne.png
  artifactKey: Guid(dffef66376be4fa480fb02b19edbe903) Importer(815301076,1909f56bfc062723c751e8b465ee728b)
Start importing Assets/TextMesh Pro/Sprites/EmojiOne.png using Guid(dffef66376be4fa480fb02b19edbe903) Importer(815301076,1909f56bfc062723c751e8b465ee728b)  -> (artifact id: 'd78a27303d38c5bc73b55289faa0930d') in 0.031194 seconds 
========================================================================
Received Import Request.
  Time since last request: 0.000133 seconds.
  path: Assets/ThirdParty/Ultraleap/Tracking Preview/Examples/Example Assets/Font/Now-Black.otf
  artifactKey: Guid(03a88386af8384e40b221c95a315468c) Importer(815301076,1909f56bfc062723c751e8b465ee728b)
Start importing Assets/ThirdParty/Ultraleap/Tracking Preview/Examples/Example Assets/Font/Now-Black.otf using Guid(03a88386af8384e40b221c95a315468c) Importer(815301076,1909f56bfc062723c751e8b465ee728b)  -> (artifact id: '8e0ba866b1742c2d90aac92010d9d4bd') in 0.028362 seconds 
========================================================================
Received Import Request.
  Time since last request: 0.000143 seconds.
  path: Assets/ThirdParty/Ultraleap/Tracking/Examples/Example Assets/Textures/Rounded Rectangle.png
  artifactKey: Guid(02a286a64deb8f0429ebcd941315001a) Importer(815301076,1909f56bfc062723c751e8b465ee728b)
Start importing Assets/ThirdParty/Ultraleap/Tracking/Examples/Example Assets/Textures/Rounded Rectangle.png using Guid(02a286a64deb8f0429ebcd941315001a) Importer(815301076,1909f56bfc062723c751e8b465ee728b)  -> (artifact id: '54a7a31dca5ae746df721af564a5ab82') in 0.013065 seconds 
========================================================================
Received Import Request.
  Time since last request: 0.000154 seconds.
  path: Assets/TextMesh Pro/Examples & Extras/Textures/Fruit Jelly (B&W).jpg
  artifactKey: Guid(1cdc5b506b1a4a33a53c30669ced1f51) Importer(815301076,1909f56bfc062723c751e8b465ee728b)
Start importing Assets/TextMesh Pro/Examples & Extras/Textures/Fruit Jelly (B&W).jpg using Guid(1cdc5b506b1a4a33a53c30669ced1f51) Importer(815301076,1909f56bfc062723c751e8b465ee728b)  -> (artifact id: '8f35fe619262576d87a7be15bf20aa41') in 0.058701 seconds 
========================================================================
Received Import Request.
  Time since last request: 0.000157 seconds.
  path: Assets/ThirdParty/Ultraleap/Tracking Preview/Examples/UI Input Examples/ExampleUIScene/Lightmap-3_comp_light.exr
  artifactKey: Guid(42e24af8ef8b0fe46a6cf8e24addc151) Importer(815301076,1909f56bfc062723c751e8b465ee728b)
Start importing Assets/ThirdParty/Ultraleap/Tracking Preview/Examples/UI Input Examples/ExampleUIScene/Lightmap-3_comp_light.exr using Guid(42e24af8ef8b0fe46a6cf8e24addc151) Importer(815301076,1909f56bfc062723c751e8b465ee728b)  -> (artifact id: '77ec7efe464b515880d099d5954ddcd3') in 0.060678 seconds 
========================================================================
Received Import Request.
  Time since last request: 0.000160 seconds.
  path: Assets/TextMesh Pro/Examples & Extras/Textures/Floor Tiles 1 - diffuse.jpg
  artifactKey: Guid(85ac55597b97403c82fc6601a93cf241) Importer(815301076,1909f56bfc062723c751e8b465ee728b)
Start importing Assets/TextMesh Pro/Examples & Extras/Textures/Floor Tiles 1 - diffuse.jpg using Guid(85ac55597b97403c82fc6601a93cf241) Importer(815301076,1909f56bfc062723c751e8b465ee728b)  -> (artifact id: '80f54130f1c86677e41a553c280503d6') in 0.049237 seconds 
========================================================================
Received Import Request.
  Time since last request: 0.000115 seconds.
  path: Assets/TextMesh Pro/Examples & Extras/Textures/Text Overflow - Linked Text UI Screenshot.png
  artifactKey: Guid(c76d18757a194d618355f05f815cb0a1) Importer(815301076,1909f56bfc062723c751e8b465ee728b)
Start importing Assets/TextMesh Pro/Examples & Extras/Textures/Text Overflow - Linked Text UI Screenshot.png using Guid(c76d18757a194d618355f05f815cb0a1) Importer(815301076,1909f56bfc062723c751e8b465ee728b)  -> (artifact id: 'f5d785017ec57c0f92741d9574ede7a0') in 0.057585 seconds 
========================================================================
Received Import Request.
  Time since last request: 0.000122 seconds.
  path: Assets/ThirdParty/Ultraleap/Tracking Preview/Examples/UI Input Examples/ExampleUIScene/Lightmap-4_comp_light.exr
  artifactKey: Guid(772aec1a63894cd419baa924077b7991) Importer(815301076,1909f56bfc062723c751e8b465ee728b)
Start importing Assets/ThirdParty/Ultraleap/Tracking Preview/Examples/UI Input Examples/ExampleUIScene/Lightmap-4_comp_light.exr using Guid(772aec1a63894cd419baa924077b7991) Importer(815301076,1909f56bfc062723c751e8b465ee728b)  -> (artifact id: 'f2d1793cbd047efe752fa505ed26bd44') in 0.060438 seconds 
========================================================================
Received Import Request.
  Time since last request: 0.000128 seconds.
  path: Assets/TextMesh Pro/Examples & Extras/Resources/Fonts & Materials/Oswald Bold SDF.asset
  artifactKey: Guid(0161d805a3764c089bef00bfe00793f5) Importer(815301076,1909f56bfc062723c751e8b465ee728b)
Start importing Assets/TextMesh Pro/Examples & Extras/Resources/Fonts & Materials/Oswald Bold SDF.asset using Guid(0161d805a3764c089bef00bfe00793f5) Importer(815301076,1909f56bfc062723c751e8b465ee728b)  -> (artifact id: 'd214e28bdeb8e7d744101e38a9ef9c0f') in 0.080855 seconds 
========================================================================
Received Import Request.
  Time since last request: 0.000146 seconds.
  path: Assets/ThirdParty/Ultraleap/Tracking Preview/Examples/UI Input Examples/ExampleUIScene/Lightmap-0_comp_light.exr
  artifactKey: Guid(a4412c046ccf61545ad8f0f92cd91791) Importer(815301076,1909f56bfc062723c751e8b465ee728b)
Start importing Assets/ThirdParty/Ultraleap/Tracking Preview/Examples/UI Input Examples/ExampleUIScene/Lightmap-0_comp_light.exr using Guid(a4412c046ccf61545ad8f0f92cd91791) Importer(815301076,1909f56bfc062723c751e8b465ee728b)  -> (artifact id: '11b0bfe8a2e863a84afdbf29c38882aa') in 0.039673 seconds 
========================================================================
Received Import Request.
  Time since last request: 0.000165 seconds.
  path: Assets/ThirdParty/Ultraleap/Tracking/Examples/Example Assets/Font/Now-Black.otf
  artifactKey: Guid(616f159b2fa991948b4bd1afe333758d) Importer(815301076,1909f56bfc062723c751e8b465ee728b)
Start importing Assets/ThirdParty/Ultraleap/Tracking/Examples/Example Assets/Font/Now-Black.otf using Guid(616f159b2fa991948b4bd1afe333758d) Importer(815301076,1909f56bfc062723c751e8b465ee728b)  -> (artifact id: 'a72f9b017475c83150b54946d4bac0ef') in 0.044296 seconds 
========================================================================
Received Import Request.
  Time since last request: 0.000168 seconds.
  path: Assets/TextMesh Pro/Examples & Extras/Textures/Floor Cement.jpg
  artifactKey: Guid(283f897e4925411ebbaa758b4cb13fc2) Importer(815301076,1909f56bfc062723c751e8b465ee728b)
Start importing Assets/TextMesh Pro/Examples & Extras/Textures/Floor Cement.jpg using Guid(283f897e4925411ebbaa758b4cb13fc2) Importer(815301076,1909f56bfc062723c751e8b465ee728b)  -> (artifact id: '70f05136bc122160115891ab6f9ed828') in 0.062015 seconds 
========================================================================
Received Import Request.
  Time since last request: 0.000172 seconds.
  path: Assets/ThirdParty/Ultraleap/Tracking Preview/Examples/UI Input Examples/Example Assets/Font/Now-Black.otf
  artifactKey: Guid(69975da30cf963f47b3c4679da3dec4e) Importer(815301076,1909f56bfc062723c751e8b465ee728b)
Start importing Assets/ThirdParty/Ultraleap/Tracking Preview/Examples/UI Input Examples/Example Assets/Font/Now-Black.otf using Guid(69975da30cf963f47b3c4679da3dec4e) Importer(815301076,1909f56bfc062723c751e8b465ee728b)  -> (artifact id: '332ae1934b554a48b68b0573e882886a') in 0.028829 seconds 
========================================================================
Received Import Request.
  Time since last request: 0.000153 seconds.
  path: Assets/TextMesh Pro/Examples & Extras/Textures/Wipe Pattern - Radial Double.psd
  artifactKey: Guid(7631f4eff8f74ed38eb3eb9db17134e1) Importer(815301076,1909f56bfc062723c751e8b465ee728b)
Start importing Assets/TextMesh Pro/Examples & Extras/Textures/Wipe Pattern - Radial Double.psd using Guid(7631f4eff8f74ed38eb3eb9db17134e1) Importer(815301076,1909f56bfc062723c751e8b465ee728b)  -> (artifact id: '06f3f22f9b0c2e09daf4bff7dd464515') in 0.024400 seconds 
========================================================================
Received Import Request.
  Time since last request: 0.000154 seconds.
  path: Assets/ThirdParty/Ultraleap/Tracking Preview/Examples/UI Input Examples/ExampleUIScene/Lightmap-2_comp_light.exr
  artifactKey: Guid(c2f43b8e6dbc4e24196f3ade17c4f5b3) Importer(815301076,1909f56bfc062723c751e8b465ee728b)
Start importing Assets/ThirdParty/Ultraleap/Tracking Preview/Examples/UI Input Examples/ExampleUIScene/Lightmap-2_comp_light.exr using Guid(c2f43b8e6dbc4e24196f3ade17c4f5b3) Importer(815301076,1909f56bfc062723c751e8b465ee728b)  -> (artifact id: '3b0039d8de5f44fca31dca400df46be2') in 0.069562 seconds 
========================================================================
Received Import Request.
  Time since last request: 189.868778 seconds.
  path: Assets/zzzRaccooon.psd
  artifactKey: Guid(ec91148fbf4718b4db9a09c61fb8d343) Importer(815301076,1909f56bfc062723c751e8b465ee728b)
Start importing Assets/zzzRaccooon.psd using Guid(ec91148fbf4718b4db9a09c61fb8d343) Importer(815301076,1909f56bfc062723c751e8b465ee728b)  -> (artifact id: '01e6275ea0bb6ac7d9b627d1a53c08d5') in 0.010528 seconds 
========================================================================
Received Import Request.
  Time since last request: 118.930397 seconds.
  path: Assets/zzzRaccooon.psd
  artifactKey: Guid(ec91148fbf4718b4db9a09c61fb8d343) Importer(815301076,1909f56bfc062723c751e8b465ee728b)
Start importing Assets/zzzRaccooon.psd using Guid(ec91148fbf4718b4db9a09c61fb8d343) Importer(815301076,1909f56bfc062723c751e8b465ee728b)  -> (artifact id: 'abb47e221729e923d837d0ab93dfc5d5') in 0.018451 seconds 
========================================================================
Received Prepare
Refreshing native plugins compatible for Editor in 12.43 ms, found 10 plugins.
Preloading 0 native plugins for Editor in 0.00 ms.
Unloading 37 Unused Serialized files (Serialized files now loaded: 0)
System memory in use before: 163.9 MB.
System memory in use after: 164.1 MB.

Unloading 37 unused Assets to reduce memory usage. Loaded Objects now: 4662.
Total: 5.230900 ms (FindLiveObjects: 0.376800 ms CreateObjectMapping: 0.267100 ms MarkObjects: 4.515900 ms  DeleteObjects: 0.070400 ms)

AssetImportParameters requested are different than current active one (requested -> active):
  custom:framework-win-MediaFoundation: 216162199b28c13a410421893ffa2e32 -> 
  custom:video-decoder-ogg-theora: a1e56fd34408186e4bbccfd4996cb3dc -> 
  custom:container-muxer-webm: aa71ff27fc2769a1b78a27578f13a17b -> 
  custom:container-demuxer-webm: 4f35f7cbe854078d1ac9338744f61a02 -> 
  custom:container-demuxer-ogg: 62fdf1f143b41e24485cea50d1cbac27 -> 
  custom:video-encoder-webm-vp8: eb34c28f22e8b96e1ab97ce403110664 -> 
  custom:video-decoder-webm-vp8: 9c59270c3fd7afecdb556c50c9e8de78 -> 
  custom:audio-decoder-ogg-vorbis: bf7c407c2cedff20999df2af8eb42d56 -> 
  custom:audio-encoder-webm-vorbis: bf7c407c2cedff20999df2af8eb42d56 -> 
